Arguments: 
  /usr/local/bin/node /usr/local/bin/yarn install

PATH: 
  /Users/nielsvermaut/.cargo/bin:/usr/local/lib/node_modules/grunt:/usr/local/bin:/usr/bin:/bin:/usr/sbin:/sbin:/usr/local/go/bin:/Applications/Wireshark.app/Contents/MacOS

Yarn version: 
  0.27.5

Node version: 
  8.6.0

Platform: 
  darwin x64

npm manifest: 
  {
    "name": "moovly-js-sdk",
    "version": "1.0RC-beta",
    "description": "JavaScript SDK to interact with the Moovly API",
    "main": "./dist/moovly.js",
    "module": "./src/moovly.js",
    "repository": "https://github.com/Moovly/moovly-js-sdk",
    "author": "Moovly <info@moovly.com>",
    "license": "MIT",
    "scripts": {
      "build": "babel esm --out-dir cjs",
      "prepublishOnly": "npm run build"
    },
    "devDependencies": {
      "babel-cli": "^6.24.1",
      "ava": "^0.21.0",
      "babel-preset-env": "^1.5.1",
      "babel-register": "^6.24.1"
    },
  }

yarn manifest: 
  No manifest

Lockfile: 
  No lockfile

Trace: 
  SyntaxError: /Users/nielsvermaut/moovly/projects/moovly-js-sdk/package.json: Unexpected token } in JSON at position 545
      at JSON.parse (<anonymous>)
      at /usr/local/lib/node_modules/yarn/lib/util/fs.js:554:57
      at Generator.next (<anonymous>)
      at step (/usr/local/lib/node_modules/yarn/node_modules/babel-runtime/helpers/asyncToGenerator.js:17:30)
      at /usr/local/lib/node_modules/yarn/node_modules/babel-runtime/helpers/asyncToGenerator.js:28:13
      at <anonymous>
